Using pre-set license
Built from '2020.3/staging' branch; Version is '2020.3.17f1 (a4537701e4ab) revision 10769271'; Using compiler version '192528614'; Build Type 'Release'
OS: 'Windows 10 Education; OS build 19043.1586; Version 2009; 64bit' Language: 'fr' Physical Memory: 32601 MB
BatchMode: 1, IsHumanControllingUs: 0, StartBugReporterOnCrash: 0, Is64bit: 1, IsPro: 0

COMMAND LINE ARGUMENTS:
C:\Program Files\Unity\Hub\Editor\2020.3.17f1\Editor\Unity.exe
-adb2
-batchMode
-noUpm
-name
AssetImportWorker0
-projectPath
E:/TP1_Unity_MV54/tp2_unity_MV54
-logFile
Logs/AssetImportWorker0.log
-srvPort
62266
Successfully changed project path to: E:/TP1_Unity_MV54/tp2_unity_MV54
E:/TP1_Unity_MV54/tp2_unity_MV54
Using Asset Import Pipeline V2.
Refreshing native plugins compatible for Editor in 37.17 ms, found 7 plugins.
Preloading 0 native plugins for Editor in 0.00 ms.
Initialize engine version: 2020.3.17f1 (a4537701e4ab)
[Subsystems] Discovering subsystems at path C:/Program Files/Unity/Hub/Editor/2020.3.17f1/Editor/Data/Resources/UnitySubsystems
[Subsystems] Discovering subsystems at path E:/TP1_Unity_MV54/tp2_unity_MV54/Assets
GfxDevice: creating device client; threaded=0
Direct3D:
    Version:  Direct3D 11.0 [level 11.1]
    Renderer: NVIDIA GeForce RTX 2070 (ID=0x1f02)
    Vendor:   
    VRAM:     8031 MB
    Driver:   30.0.14.7141
Initialize mono
Mono path[0] = 'C:/Program Files/Unity/Hub/Editor/2020.3.17f1/Editor/Data/Managed'
Mono path[1] = 'C:/Program Files/Unity/Hub/Editor/2020.3.17f1/Editor/Data/MonoBleedingEdge/lib/mono/unityjit'
Mono config path = 'C:/Program Files/Unity/Hub/Editor/2020.3.17f1/Editor/Data/MonoBleedingEdge/etc'
Using monoOptions --debugger-agent=transport=dt_socket,embedding=1,server=y,suspend=n,address=127.0.0.1:56248
Begin MonoManager ReloadAssembly
Registering precompiled unity dll's ...
Register platform support module: C:/Program Files/Unity/Hub/Editor/2020.3.17f1/Editor/Data/PlaybackEngines/WindowsStandaloneSupport/UnityEditor.WindowsStandalone.Extensions.dll
Registered in 0.001341 seconds.
Native extension for WindowsStandalone target not found
Refreshing native plugins compatible for Editor in 31.40 ms, found 7 plugins.
Preloading 0 native plugins for Editor in 0.00 ms.
Mono: successfully reloaded assembly
- Completed reload, in  1.388 seconds
Domain Reload Profiling:
	ReloadAssembly (1388ms)
		BeginReloadAssembly (43ms)
			ExecutionOrderSort (0ms)
			DisableScriptedObjects (0ms)
			BackupInstance (0ms)
			ReleaseScriptingObjects (0ms)
			CreateAndSetChildDomain (1ms)
		EndReloadAssembly (352ms)
			LoadAssemblies (42ms)
			RebuildTransferFunctionScriptingTraits (0ms)
			SetupTypeCache (127ms)
			ReleaseScriptCaches (0ms)
			RebuildScriptCaches (27ms)
			SetupLoadedEditorAssemblies (135ms)
				LogAssemblyErrors (0ms)
				InitializePlatformSupportModulesInManaged (3ms)
				SetLoadedEditorAssemblies (0ms)
				RefreshPlugins (31ms)
				BeforeProcessingInitializeOnLoad (13ms)
				ProcessInitializeOnLoadAttributes (64ms)
				ProcessInitializeOnLoadMethodAttributes (23ms)
				AfterProcessingInitializeOnLoad (0ms)
				EditorAssembliesLoaded (0ms)
			ExecutionOrderSort2 (0ms)
			AwakeInstancesAfterBackupRestoration (0ms)
Platform modules already initialized, skipping
Registering precompiled user dll's ...
Registered in 0.005231 seconds.
Begin MonoManager ReloadAssembly
Native extension for WindowsStandalone target not found
Refreshing native plugins compatible for Editor in 29.35 ms, found 7 plugins.
Preloading 0 native plugins for Editor in 0.00 ms.
Mono: successfully reloaded assembly
- Completed reload, in  1.020 seconds
Domain Reload Profiling:
	ReloadAssembly (1021ms)
		BeginReloadAssembly (120ms)
			ExecutionOrderSort (0ms)
			DisableScriptedObjects (4ms)
			BackupInstance (0ms)
			ReleaseScriptingObjects (0ms)
			CreateAndSetChildDomain (16ms)
		EndReloadAssembly (850ms)
			LoadAssemblies (73ms)
			RebuildTransferFunctionScriptingTraits (0ms)
			SetupTypeCache (241ms)
			ReleaseScriptCaches (0ms)
			RebuildScriptCaches (38ms)
			SetupLoadedEditorAssemblies (390ms)
				LogAssemblyErrors (0ms)
				InitializePlatformSupportModulesInManaged (3ms)
				SetLoadedEditorAssemblies (0ms)
				RefreshPlugins (29ms)
				BeforeProcessingInitializeOnLoad (61ms)
				ProcessInitializeOnLoadAttributes (288ms)
				ProcessInitializeOnLoadMethodAttributes (5ms)
				AfterProcessingInitializeOnLoad (4ms)
				EditorAssembliesLoaded (0ms)
			ExecutionOrderSort2 (0ms)
			AwakeInstancesAfterBackupRestoration (5ms)
Platform modules already initialized, skipping
========================================================================
Worker process is ready to serve import requests
Launched and connected shader compiler UnityShaderCompiler.exe after 0.13 seconds
Refreshing native plugins compatible for Editor in 0.74 ms, found 7 plugins.
Preloading 0 native plugins for Editor in 0.00 ms.
Unloading 1870 Unused Serialized files (Serialized files now loaded: 0)
System memory in use before: 82.1 MB.
System memory in use after: 82.2 MB.

Unloading 38 unused Assets to reduce memory usage. Loaded Objects now: 2318.
Total: 3.037900 ms (FindLiveObjects: 0.179200 ms CreateObjectMapping: 0.059800 ms MarkObjects: 2.737900 ms  DeleteObjects: 0.060000 ms)

AssetImportParameters requested are different than current active one (requested -> active):
  custom:framework-win-MediaFoundation: 216162199b28c13a410421893ffa2e32 -> 
  custom:video-decoder-ogg-theora: a1e56fd34408186e4bbccfd4996cb3dc -> 
  custom:container-muxer-webm: aa71ff27fc2769a1b78a27578f13a17b -> 
  custom:container-demuxer-webm: 4f35f7cbe854078d1ac9338744f61a02 -> 
  custom:container-demuxer-ogg: 62fdf1f143b41e24485cea50d1cbac27 -> 
  custom:video-encoder-webm-vp8: eb34c28f22e8b96e1ab97ce403110664 -> 
  custom:video-decoder-webm-vp8: 9c59270c3fd7afecdb556c50c9e8de78 -> 
  custom:audio-decoder-ogg-vorbis: bf7c407c2cedff20999df2af8eb42d56 -> 
  custom:audio-encoder-webm-vorbis: bf7c407c2cedff20999df2af8eb42d56 -> 
========================================================================
Received Import Request.
  path: Assets/XR/XRGeneralSettings.asset
  artifactKey: Guid(fe2d1ad751d83ad47af09497bb69b244) Importer(815301076,1909f56bfc062723c751e8b465ee728b)
Start importing Assets/XR/XRGeneralSettings.asset using Guid(fe2d1ad751d83ad47af09497bb69b244) Importer(815301076,1909f56bfc062723c751e8b465ee728b) [XR] Error loading subsystem: Display (1) (header mismatch?)
 -> (artifact id: 'cac5f592efbaf715c49d68e212d56cfb') in 0.030548 seconds 
  Import took 0.033237 seconds .

========================================================================
Received Import Request.
  Time since last request: 28.324374 seconds.
  path: Assets/Models
  artifactKey: Guid(7f60bf60b1daf7d4e848234b36f3fef2) Importer(815301076,1909f56bfc062723c751e8b465ee728b)
Start importing Assets/Models using Guid(7f60bf60b1daf7d4e848234b36f3fef2) Importer(815301076,1909f56bfc062723c751e8b465ee728b)  -> (artifact id: 'b7de365acdcf425ddd997da66b8b78b1') in 0.031318 seconds 
  Import took 0.033718 seconds .

========================================================================
Received Import Request.
  Time since last request: 7.912686 seconds.
  path: Assets/Models/controller_bc.tga
  artifactKey: Guid(2eb2a438422d7e74d8bc6145e51c5541) Importer(815301076,1909f56bfc062723c751e8b465ee728b)
Start importing Assets/Models/controller_bc.tga using Guid(2eb2a438422d7e74d8bc6145e51c5541) Importer(815301076,1909f56bfc062723c751e8b465ee728b)  -> (artifact id: '96bf19849afd5da36409657a2ee53d2b') in 0.127975 seconds 
  Import took 0.153863 seconds .

========================================================================
Received Import Request.
  Time since last request: 0.000866 seconds.
  path: Assets/Models/controller_l.fbx
  artifactKey: Guid(64bb878d309fdba4f863dff13b0cef87) Importer(815301076,1909f56bfc062723c751e8b465ee728b)
Start importing Assets/Models/controller_l.fbx using Guid(64bb878d309fdba4f863dff13b0cef87) Importer(815301076,1909f56bfc062723c751e8b465ee728b)  -> (artifact id: '211aa432c83e2e1eb03b85027c9a616f') in 0.131350 seconds 
  Import took 0.210523 seconds .

========================================================================
Received Import Request.
  Time since last request: 0.000556 seconds.
  path: Assets/Models/controller_r.fbx
  artifactKey: Guid(d903f166dd158c044bdbe24ef1cd1fe5) Importer(815301076,1909f56bfc062723c751e8b465ee728b)
Start importing Assets/Models/controller_r.fbx using Guid(d903f166dd158c044bdbe24ef1cd1fe5) Importer(815301076,1909f56bfc062723c751e8b465ee728b)  -> (artifact id: 'eebe335114b777f96fee03be8d093ba6') in 0.061820 seconds 
  Import took 0.065447 seconds .

========================================================================
Received Prepare
Registering precompiled user dll's ...
Registered in 0.005464 seconds.
Begin MonoManager ReloadAssembly
Native extension for WindowsStandalone target not found
Refreshing native plugins compatible for Editor in 0.51 ms, found 7 plugins.
Preloading 0 native plugins for Editor in 0.00 ms.
Mono: successfully reloaded assembly
- Completed reload, in  1.006 seconds
Domain Reload Profiling:
	ReloadAssembly (1007ms)
		BeginReloadAssembly (111ms)
			ExecutionOrderSort (0ms)
			DisableScriptedObjects (3ms)
			BackupInstance (0ms)
			ReleaseScriptingObjects (0ms)
			CreateAndSetChildDomain (32ms)
		EndReloadAssembly (844ms)
			LoadAssemblies (73ms)
			RebuildTransferFunctionScriptingTraits (0ms)
			SetupTypeCache (251ms)
			ReleaseScriptCaches (1ms)
			RebuildScriptCaches (33ms)
			SetupLoadedEditorAssemblies (366ms)
				LogAssemblyErrors (0ms)
				InitializePlatformSupportModulesInManaged (3ms)
				SetLoadedEditorAssemblies (0ms)
				RefreshPlugins (1ms)
				BeforeProcessingInitializeOnLoad (63ms)
				ProcessInitializeOnLoadAttributes (289ms)
				ProcessInitializeOnLoadMethodAttributes (5ms)
				AfterProcessingInitializeOnLoad (4ms)
				EditorAssembliesLoaded (0ms)
			ExecutionOrderSort2 (0ms)
			AwakeInstancesAfterBackupRestoration (8ms)
Platform modules already initialized, skipping
Switching build target platform(19) subTarget(0) extendedPlatform(0) -> platform(13) subTarget(537395206) extendedPlatform(0)
Refreshing native plugins compatible for Editor in 0.52 ms, found 7 plugins.
Preloading 0 native plugins for Editor in 0.00 ms.
Unloading 1860 Unused Serialized files (Serialized files now loaded: 0)
System memory in use before: 98.8 MB.
System memory in use after: 98.9 MB.

Unloading 31 unused Assets to reduce memory usage. Loaded Objects now: 2367.
Total: 2.869900 ms (FindLiveObjects: 0.166300 ms CreateObjectMapping: 0.063800 ms MarkObjects: 2.594400 ms  DeleteObjects: 0.041800 ms)

AssetImportParameters requested are different than current active one (requested -> active):
  custom:framework-win-MediaFoundation: 216162199b28c13a410421893ffa2e32 -> 
  custom:video-decoder-ogg-theora: a1e56fd34408186e4bbccfd4996cb3dc -> 
  custom:container-muxer-webm: aa71ff27fc2769a1b78a27578f13a17b -> 
  custom:container-demuxer-webm: 4f35f7cbe854078d1ac9338744f61a02 -> 
  custom:container-demuxer-ogg: 62fdf1f143b41e24485cea50d1cbac27 -> 
  custom:video-encoder-webm-vp8: eb34c28f22e8b96e1ab97ce403110664 -> 
  custom:video-decoder-webm-vp8: 9c59270c3fd7afecdb556c50c9e8de78 -> 
  custom:graphics/normal-map-encoding: 01000000000000000000000000000000 -> 02000000000000000000000000000000
  custom:audio-decoder-ogg-vorbis: bf7c407c2cedff20999df2af8eb42d56 -> 
  custom:audio-encoder-webm-vorbis: bf7c407c2cedff20999df2af8eb42d56 -> 
========================================================================
Received Prepare
Registering precompiled user dll's ...
Registered in 0.005239 seconds.
Begin MonoManager ReloadAssembly
Native extension for WindowsStandalone target not found
Refreshing native plugins compatible for Editor in 0.48 ms, found 7 plugins.
Preloading 0 native plugins for Editor in 0.00 ms.
Mono: successfully reloaded assembly
- Completed reload, in  0.934 seconds
Domain Reload Profiling:
	ReloadAssembly (935ms)
		BeginReloadAssembly (100ms)
			ExecutionOrderSort (0ms)
			DisableScriptedObjects (4ms)
			BackupInstance (0ms)
			ReleaseScriptingObjects (0ms)
			CreateAndSetChildDomain (29ms)
		EndReloadAssembly (786ms)
			LoadAssemblies (79ms)
			RebuildTransferFunctionScriptingTraits (0ms)
			SetupTypeCache (227ms)
			ReleaseScriptCaches (1ms)
			RebuildScriptCaches (30ms)
			SetupLoadedEditorAssemblies (336ms)
				LogAssemblyErrors (0ms)
				InitializePlatformSupportModulesInManaged (3ms)
				SetLoadedEditorAssemblies (0ms)
				RefreshPlugins (1ms)
				BeforeProcessingInitializeOnLoad (60ms)
				ProcessInitializeOnLoadAttributes (263ms)
				ProcessInitializeOnLoadMethodAttributes (4ms)
				AfterProcessingInitializeOnLoad (5ms)
				EditorAssembliesLoaded (0ms)
			ExecutionOrderSort2 (0ms)
			AwakeInstancesAfterBackupRestoration (7ms)
Platform modules already initialized, skipping
Switching build target platform(19) subTarget(0) extendedPlatform(0) -> platform(13) subTarget(537395206) extendedPlatform(0)
Refreshing native plugins compatible for Editor in 0.53 ms, found 7 plugins.
Preloading 0 native plugins for Editor in 0.00 ms.
Unloading 1860 Unused Serialized files (Serialized files now loaded: 0)
System memory in use before: 98.9 MB.
System memory in use after: 99.0 MB.

Unloading 31 unused Assets to reduce memory usage. Loaded Objects now: 2370.
Total: 2.728500 ms (FindLiveObjects: 0.159200 ms CreateObjectMapping: 0.056100 ms MarkObjects: 2.492500 ms  DeleteObjects: 0.019800 ms)

AssetImportParameters requested are different than current active one (requested -> active):
  custom:framework-win-MediaFoundation: 216162199b28c13a410421893ffa2e32 -> 
  custom:video-decoder-ogg-theora: a1e56fd34408186e4bbccfd4996cb3dc -> 
  custom:container-muxer-webm: aa71ff27fc2769a1b78a27578f13a17b -> 
  custom:container-demuxer-webm: 4f35f7cbe854078d1ac9338744f61a02 -> 
  custom:container-demuxer-ogg: 62fdf1f143b41e24485cea50d1cbac27 -> 
  custom:video-encoder-webm-vp8: eb34c28f22e8b96e1ab97ce403110664 -> 
  custom:video-decoder-webm-vp8: 9c59270c3fd7afecdb556c50c9e8de78 -> 
  custom:graphics/normal-map-encoding: 01000000000000000000000000000000 -> 02000000000000000000000000000000
  custom:audio-decoder-ogg-vorbis: bf7c407c2cedff20999df2af8eb42d56 -> 
  custom:audio-encoder-webm-vorbis: bf7c407c2cedff20999df2af8eb42d56 -> 
========================================================================
Received Import Request.
  Time since last request: 826.365480 seconds.
  path: Assets/Models/Right_A_Btn.inputactions
  artifactKey: Guid(881d6c9381ceb724887fb93fdbf46bac) Importer(815301076,1909f56bfc062723c751e8b465ee728b)
Start importing Assets/Models/Right_A_Btn.inputactions using Guid(881d6c9381ceb724887fb93fdbf46bac) Importer(815301076,1909f56bfc062723c751e8b465ee728b)  -> (artifact id: 'b4136c3af5607ed1f997dff5d64645c3') in 0.019561 seconds 
  Import took 0.022322 seconds .

========================================================================
Received Import Request.
  Time since last request: 127.059250 seconds.
  path: Assets/Models/Oculus Touch.inputactions
  artifactKey: Guid(881d6c9381ceb724887fb93fdbf46bac) Importer(815301076,1909f56bfc062723c751e8b465ee728b)
Start importing Assets/Models/Oculus Touch.inputactions using Guid(881d6c9381ceb724887fb93fdbf46bac) Importer(815301076,1909f56bfc062723c751e8b465ee728b)  -> (artifact id: '80b04083576d6816c0278e5b8bb7a02a') in 0.030862 seconds 
  Import took 0.033814 seconds .

========================================================================
Received Import Request.
  Time since last request: 100.998316 seconds.
  path: Assets/Models/Oculus Touch.inputactions
  artifactKey: Guid(881d6c9381ceb724887fb93fdbf46bac) Importer(815301076,1909f56bfc062723c751e8b465ee728b)
Start importing Assets/Models/Oculus Touch.inputactions using Guid(881d6c9381ceb724887fb93fdbf46bac) Importer(815301076,1909f56bfc062723c751e8b465ee728b)  -> (artifact id: 'b3b89e8a87ccc7a6a788603688b98544') in 0.005310 seconds 
  Import took 0.008222 seconds .

========================================================================
Received Import Request.
  Time since last request: 71.512438 seconds.
  path: Assets
  artifactKey: Guid(00000000000000001000000000000000) Importer(815301076,1909f56bfc062723c751e8b465ee728b)
Start importing Assets using Guid(00000000000000001000000000000000) Importer(815301076,1909f56bfc062723c751e8b465ee728b)  -> (artifact id: '42d402b061de3733987d63b9cc3b64de') in 0.007451 seconds 
  Import took 0.010223 seconds .

========================================================================
Received Import Request.
  Time since last request: 6.419507 seconds.
  path: Assets/Script
  artifactKey: Guid(8e7d1f032df73134096314ac33e532b7) Importer(815301076,1909f56bfc062723c751e8b465ee728b)
Start importing Assets/Script using Guid(8e7d1f032df73134096314ac33e532b7) Importer(815301076,1909f56bfc062723c751e8b465ee728b)  -> (artifact id: 'ac040c8f797797fc1b7e55dc009f4ebd') in 0.005696 seconds 
  Import took 0.029879 seconds .

========================================================================
Received Import Request.
  Time since last request: 25.205336 seconds.
  path: Assets/Script/InputsBehavior.cs
  artifactKey: Guid(11e7d01ac6f41244ba60d3c6889bf112) Importer(815301076,1909f56bfc062723c751e8b465ee728b)
Start importing Assets/Script/InputsBehavior.cs using Guid(11e7d01ac6f41244ba60d3c6889bf112) Importer(815301076,1909f56bfc062723c751e8b465ee728b)  -> (artifact id: 'cf4c68816e6aeef7a4c44fe1c9d1073e') in 0.012076 seconds 
  Import took 0.014577 seconds .

========================================================================
Received Prepare
Registering precompiled user dll's ...
Registered in 0.005280 seconds.
Begin MonoManager ReloadAssembly
Native extension for WindowsStandalone target not found
Refreshing native plugins compatible for Editor in 0.47 ms, found 7 plugins.
Preloading 0 native plugins for Editor in 0.00 ms.
Mono: successfully reloaded assembly
- Completed reload, in  0.954 seconds
Domain Reload Profiling:
	ReloadAssembly (954ms)
		BeginReloadAssembly (101ms)
			ExecutionOrderSort (0ms)
			DisableScriptedObjects (4ms)
			BackupInstance (0ms)
			ReleaseScriptingObjects (0ms)
			CreateAndSetChildDomain (29ms)
		EndReloadAssembly (804ms)
			LoadAssemblies (72ms)
			RebuildTransferFunctionScriptingTraits (0ms)
			SetupTypeCache (240ms)
			ReleaseScriptCaches (1ms)
			RebuildScriptCaches (31ms)
			SetupLoadedEditorAssemblies (343ms)
				LogAssemblyErrors (0ms)
				InitializePlatformSupportModulesInManaged (3ms)
				SetLoadedEditorAssemblies (0ms)
				RefreshPlugins (1ms)
				BeforeProcessingInitializeOnLoad (59ms)
				ProcessInitializeOnLoadAttributes (271ms)
				ProcessInitializeOnLoadMethodAttributes (4ms)
				AfterProcessingInitializeOnLoad (4ms)
				EditorAssembliesLoaded (0ms)
			ExecutionOrderSort2 (0ms)
			AwakeInstancesAfterBackupRestoration (7ms)
Platform modules already initialized, skipping
Switching build target platform(19) subTarget(0) extendedPlatform(0) -> platform(13) subTarget(537395206) extendedPlatform(0)
Refreshing native plugins compatible for Editor in 0.46 ms, found 7 plugins.
Preloading 0 native plugins for Editor in 0.00 ms.
Unloading 1861 Unused Serialized files (Serialized files now loaded: 0)
System memory in use before: 99.7 MB.
System memory in use after: 99.8 MB.

Unloading 31 unused Assets to reduce memory usage. Loaded Objects now: 2374.
Total: 2.688800 ms (FindLiveObjects: 0.147600 ms CreateObjectMapping: 0.054200 ms MarkObjects: 2.466400 ms  DeleteObjects: 0.019600 ms)

AssetImportParameters requested are different than current active one (requested -> active):
  custom:framework-win-MediaFoundation: 216162199b28c13a410421893ffa2e32 -> 
  custom:video-decoder-ogg-theora: a1e56fd34408186e4bbccfd4996cb3dc -> 
  custom:container-muxer-webm: aa71ff27fc2769a1b78a27578f13a17b -> 
  custom:container-demuxer-webm: 4f35f7cbe854078d1ac9338744f61a02 -> 
  custom:container-demuxer-ogg: 62fdf1f143b41e24485cea50d1cbac27 -> 
  custom:video-encoder-webm-vp8: eb34c28f22e8b96e1ab97ce403110664 -> 
  custom:video-decoder-webm-vp8: 9c59270c3fd7afecdb556c50c9e8de78 -> 
  custom:graphics/normal-map-encoding: 01000000000000000000000000000000 -> 02000000000000000000000000000000
  custom:audio-decoder-ogg-vorbis: bf7c407c2cedff20999df2af8eb42d56 -> 
  custom:audio-encoder-webm-vorbis: bf7c407c2cedff20999df2af8eb42d56 -> 
========================================================================
Received Import Request.
  Time since last request: 146.419956 seconds.
  path: Assets/Script/InputsBehavior.cs
  artifactKey: Guid(11e7d01ac6f41244ba60d3c6889bf112) Importer(815301076,1909f56bfc062723c751e8b465ee728b)
Start importing Assets/Script/InputsBehavior.cs using Guid(11e7d01ac6f41244ba60d3c6889bf112) Importer(815301076,1909f56bfc062723c751e8b465ee728b)  -> (artifact id: '91aedb77545576b1b2f5ca95aadb0b35') in 0.005517 seconds 
  Import took 0.022160 seconds .

========================================================================
Received Prepare
Registering precompiled user dll's ...
Registered in 0.005167 seconds.
Begin MonoManager ReloadAssembly
Native extension for WindowsStandalone target not found
Refreshing native plugins compatible for Editor in 0.48 ms, found 7 plugins.
Preloading 0 native plugins for Editor in 0.00 ms.
Mono: successfully reloaded assembly
- Completed reload, in  0.965 seconds
Domain Reload Profiling:
	ReloadAssembly (966ms)
		BeginReloadAssembly (94ms)
			ExecutionOrderSort (0ms)
			DisableScriptedObjects (4ms)
			BackupInstance (0ms)
			ReleaseScriptingObjects (0ms)
			CreateAndSetChildDomain (31ms)
		EndReloadAssembly (816ms)
			LoadAssemblies (71ms)
			RebuildTransferFunctionScriptingTraits (0ms)
			SetupTypeCache (247ms)
			ReleaseScriptCaches (1ms)
			RebuildScriptCaches (31ms)
			SetupLoadedEditorAssemblies (346ms)
				LogAssemblyErrors (0ms)
				InitializePlatformSupportModulesInManaged (3ms)
				SetLoadedEditorAssemblies (0ms)
				RefreshPlugins (1ms)
				BeforeProcessingInitializeOnLoad (59ms)
				ProcessInitializeOnLoadAttributes (274ms)
				ProcessInitializeOnLoadMethodAttributes (4ms)
				AfterProcessingInitializeOnLoad (4ms)
				EditorAssembliesLoaded (0ms)
			ExecutionOrderSort2 (0ms)
			AwakeInstancesAfterBackupRestoration (8ms)
Platform modules already initialized, skipping
Switching build target platform(19) subTarget(0) extendedPlatform(0) -> platform(13) subTarget(537395206) extendedPlatform(0)
Refreshing native plugins compatible for Editor in 0.48 ms, found 7 plugins.
Preloading 0 native plugins for Editor in 0.00 ms.
Unloading 1861 Unused Serialized files (Serialized files now loaded: 0)
System memory in use before: 99.7 MB.
System memory in use after: 99.8 MB.

Unloading 31 unused Assets to reduce memory usage. Loaded Objects now: 2377.
Total: 2.942500 ms (FindLiveObjects: 0.174700 ms CreateObjectMapping: 0.052400 ms MarkObjects: 2.695400 ms  DeleteObjects: 0.018800 ms)

AssetImportParameters requested are different than current active one (requested -> active):
  custom:framework-win-MediaFoundation: 216162199b28c13a410421893ffa2e32 -> 
  custom:video-decoder-ogg-theora: a1e56fd34408186e4bbccfd4996cb3dc -> 
  custom:container-muxer-webm: aa71ff27fc2769a1b78a27578f13a17b -> 
  custom:container-demuxer-webm: 4f35f7cbe854078d1ac9338744f61a02 -> 
  custom:container-demuxer-ogg: 62fdf1f143b41e24485cea50d1cbac27 -> 
  custom:video-encoder-webm-vp8: eb34c28f22e8b96e1ab97ce403110664 -> 
  custom:video-decoder-webm-vp8: 9c59270c3fd7afecdb556c50c9e8de78 -> 
  custom:graphics/normal-map-encoding: 01000000000000000000000000000000 -> 02000000000000000000000000000000
  custom:audio-decoder-ogg-vorbis: bf7c407c2cedff20999df2af8eb42d56 -> 
  custom:audio-encoder-webm-vorbis: bf7c407c2cedff20999df2af8eb42d56 -> 
========================================================================
Received Import Request.
  Time since last request: 19.376942 seconds.
  path: Assets/XR/Settings/Open XR Package Settings.asset
  artifactKey: Guid(0da800eaa6543d44b822aea2c5a0148e) Importer(815301076,1909f56bfc062723c751e8b465ee728b)
Start importing Assets/XR/Settings/Open XR Package Settings.asset using Guid(0da800eaa6543d44b822aea2c5a0148e) Importer(815301076,1909f56bfc062723c751e8b465ee728b)  -> (artifact id: '334bc617f8ca5eb508e9c1d7223a4b9f') in 0.017736 seconds 
  Import took 0.020465 seconds .

========================================================================
Received Import Request.
  Time since last request: 0.000302 seconds.
  path: Assets/Models/Materials/controller_bc.mat
  artifactKey: Guid(22827fb646cff5d418a55a09867f3577) Importer(815301076,1909f56bfc062723c751e8b465ee728b)
Start importing Assets/Models/Materials/controller_bc.mat using Guid(22827fb646cff5d418a55a09867f3577) Importer(815301076,1909f56bfc062723c751e8b465ee728b)  -> (artifact id: '07db46148609e315a5424850fe17d2a0') in 0.309371 seconds 
  Import took 0.321119 seconds .

========================================================================
Received Import Request.
  Time since last request: 0.000303 seconds.
  path: Assets/XR/Settings/Open XR Package Settings.asset
  artifactKey: Guid(0da800eaa6543d44b822aea2c5a0148e) Importer(815301076,1909f56bfc062723c751e8b465ee728b)
Start importing Assets/XR/Settings/Open XR Package Settings.asset using Guid(0da800eaa6543d44b822aea2c5a0148e) Importer(815301076,1909f56bfc062723c751e8b465ee728b)  -> (artifact id: '334bc617f8ca5eb508e9c1d7223a4b9f') in 0.009375 seconds 
  Import took 0.011812 seconds .

========================================================================
Received Import Request.
  Time since last request: 0.000262 seconds.
  path: Assets/Models/Materials/controller_bc.mat
  artifactKey: Guid(22827fb646cff5d418a55a09867f3577) Importer(815301076,1909f56bfc062723c751e8b465ee728b)
Start importing Assets/Models/Materials/controller_bc.mat using Guid(22827fb646cff5d418a55a09867f3577) Importer(815301076,1909f56bfc062723c751e8b465ee728b)  -> (artifact id: '07db46148609e315a5424850fe17d2a0') in 0.035395 seconds 
  Import took 0.038004 seconds .

========================================================================
Received Import Request.
  Time since last request: 7.971343 seconds.
  path: Assets/XR/Loaders/Open XR Loader.asset
  artifactKey: Guid(c44cb117b035f144f849b5cf55c63fbc) Importer(815301076,1909f56bfc062723c751e8b465ee728b)
Start importing Assets/XR/Loaders/Open XR Loader.asset using Guid(c44cb117b035f144f849b5cf55c63fbc) Importer(815301076,1909f56bfc062723c751e8b465ee728b)  -> (artifact id: '3a1300071ecad8f6ccf0b479b897b8d6') in 0.030826 seconds 
  Import took 0.033428 seconds .

========================================================================
Received Import Request.
  Time since last request: 0.000579 seconds.
  path: Assets/XR/Loaders/Open XR Loader.asset
  artifactKey: Guid(c44cb117b035f144f849b5cf55c63fbc) Importer(815301076,1909f56bfc062723c751e8b465ee728b)
Start importing Assets/XR/Loaders/Open XR Loader.asset using Guid(c44cb117b035f144f849b5cf55c63fbc) Importer(815301076,1909f56bfc062723c751e8b465ee728b)  -> (artifact id: '3a1300071ecad8f6ccf0b479b897b8d6') in 0.004123 seconds 
  Import took 0.006955 seconds .

========================================================================
Received Import Request.
  Time since last request: 0.000284 seconds.
  path: Assets/XR/Loaders/Open XR Loader No Pre Init.asset
  artifactKey: Guid(0bd58d1be4e57b742b473cd45db3f37f) Importer(815301076,1909f56bfc062723c751e8b465ee728b)
Start importing Assets/XR/Loaders/Open XR Loader No Pre Init.asset using Guid(0bd58d1be4e57b742b473cd45db3f37f) Importer(815301076,1909f56bfc062723c751e8b465ee728b)  -> (artifact id: 'a5abd6b860bc75143d2d8c03d5fedc0c') in 0.005944 seconds 
  Import took 0.008282 seconds .

========================================================================
Received Import Request.
  Time since last request: 0.058421 seconds.
  path: Assets/XR/Settings/OpenXR Editor Settings.asset
  artifactKey: Guid(aef4a2b64dfb935468fe7e23efa5fbfd) Importer(815301076,1909f56bfc062723c751e8b465ee728b)
Start importing Assets/XR/Settings/OpenXR Editor Settings.asset using Guid(aef4a2b64dfb935468fe7e23efa5fbfd) Importer(815301076,1909f56bfc062723c751e8b465ee728b)  -> (artifact id: 'e6b2ab6a53c4b0fbe8665652b2ae810a') in 0.035923 seconds 
  Import took 0.038466 seconds .

========================================================================
Received Import Request.
  Time since last request: 369.043514 seconds.
  path: Assets/Models/Materials
  artifactKey: Guid(e1fd9dddc72ae3e45841544d465d7659) Importer(815301076,1909f56bfc062723c751e8b465ee728b)
Start importing Assets/Models/Materials using Guid(e1fd9dddc72ae3e45841544d465d7659) Importer(815301076,1909f56bfc062723c751e8b465ee728b)  -> (artifact id: '0a2611c94ad8cd27e7e5ca1a69fb065f') in 0.536333 seconds 
  Import took 0.539419 seconds .

========================================================================
Received Prepare
Registering precompiled user dll's ...
Registered in 0.005271 seconds.
Begin MonoManager ReloadAssembly
Native extension for WindowsStandalone target not found
Refreshing native plugins compatible for Editor in 0.48 ms, found 7 plugins.
Preloading 0 native plugins for Editor in 0.00 ms.
Mono: successfully reloaded assembly
- Completed reload, in  0.922 seconds
Domain Reload Profiling:
	ReloadAssembly (923ms)
		BeginReloadAssembly (92ms)
			ExecutionOrderSort (0ms)
			DisableScriptedObjects (3ms)
			BackupInstance (0ms)
			ReleaseScriptingObjects (0ms)
			CreateAndSetChildDomain (28ms)
		EndReloadAssembly (782ms)
			LoadAssemblies (70ms)
			RebuildTransferFunctionScriptingTraits (0ms)
			SetupTypeCache (223ms)
			ReleaseScriptCaches (1ms)
			RebuildScriptCaches (31ms)
			SetupLoadedEditorAssemblies (334ms)
				LogAssemblyErrors (0ms)
				InitializePlatformSupportModulesInManaged (3ms)
				SetLoadedEditorAssemblies (0ms)
				RefreshPlugins (1ms)
				BeforeProcessingInitializeOnLoad (58ms)
				ProcessInitializeOnLoadAttributes (264ms)
				ProcessInitializeOnLoadMethodAttributes (4ms)
				AfterProcessingInitializeOnLoad (4ms)
				EditorAssembliesLoaded (0ms)
			ExecutionOrderSort2 (0ms)
			AwakeInstancesAfterBackupRestoration (7ms)
Platform modules already initialized, skipping
Switching build target platform(19) subTarget(0) extendedPlatform(0) -> platform(13) subTarget(537395206) extendedPlatform(0)
Refreshing native plugins compatible for Editor in 0.51 ms, found 7 plugins.
Preloading 0 native plugins for Editor in 0.00 ms.
Unloading 1862 Unused Serialized files (Serialized files now loaded: 0)
System memory in use before: 99.8 MB.
System memory in use after: 99.9 MB.

Unloading 62 unused Assets to reduce memory usage. Loaded Objects now: 2381.
Total: 2.777900 ms (FindLiveObjects: 0.157500 ms CreateObjectMapping: 0.058200 ms MarkObjects: 2.469100 ms  DeleteObjects: 0.092400 ms)

AssetImportParameters requested are different than current active one (requested -> active):
  custom:framework-win-MediaFoundation: 216162199b28c13a410421893ffa2e32 -> 
  custom:video-decoder-ogg-theora: a1e56fd34408186e4bbccfd4996cb3dc -> 
  custom:container-muxer-webm: aa71ff27fc2769a1b78a27578f13a17b -> 
  custom:container-demuxer-webm: 4f35f7cbe854078d1ac9338744f61a02 -> 
  custom:container-demuxer-ogg: 62fdf1f143b41e24485cea50d1cbac27 -> 
  custom:video-encoder-webm-vp8: eb34c28f22e8b96e1ab97ce403110664 -> 
  custom:video-decoder-webm-vp8: 9c59270c3fd7afecdb556c50c9e8de78 -> 
  custom:graphics/normal-map-encoding: 01000000000000000000000000000000 -> 02000000000000000000000000000000
  custom:audio-decoder-ogg-vorbis: bf7c407c2cedff20999df2af8eb42d56 -> 
  custom:audio-encoder-webm-vorbis: bf7c407c2cedff20999df2af8eb42d56 -> 
========================================================================
Received Import Request.
  Time since last request: 156.284944 seconds.
  path: Assets/Models/New Animation.anim
  artifactKey: Guid(325d1055499f4354e9758ea897f12b70) Importer(815301076,1909f56bfc062723c751e8b465ee728b)
Start importing Assets/Models/New Animation.anim using Guid(325d1055499f4354e9758ea897f12b70) Importer(815301076,1909f56bfc062723c751e8b465ee728b)  -> (artifact id: '297f702c9ce0de559f5f99d74907b595') in 0.015984 seconds 
  Import took 0.121220 seconds .

========================================================================
Received Import Request.
  Time since last request: 32.538491 seconds.
  path: Assets/Models/New Avatar Mask.mask
  artifactKey: Guid(372a5e82625bc974686712b168371046) Importer(815301076,1909f56bfc062723c751e8b465ee728b)
Start importing Assets/Models/New Avatar Mask.mask using Guid(372a5e82625bc974686712b168371046) Importer(815301076,1909f56bfc062723c751e8b465ee728b)  -> (artifact id: '1aca6b5c40af29527d2a731764b07194') in 0.052383 seconds 
  Import took 0.054932 seconds .

========================================================================
Received Import Request.
  Time since last request: 80.624147 seconds.
  path: Assets/Models/controller_r.fbx
  artifactKey: Guid(d903f166dd158c044bdbe24ef1cd1fe5) Importer(815301076,1909f56bfc062723c751e8b465ee728b)
Start importing Assets/Models/controller_r.fbx using Guid(d903f166dd158c044bdbe24ef1cd1fe5) Importer(815301076,1909f56bfc062723c751e8b465ee728b)  -> (artifact id: '71f37e7e3b099f3e67ecd5ef9de2c1f1') in 0.095231 seconds 
  Import took 0.097910 seconds .

========================================================================
Received Import Request.
  Time since last request: 136.301157 seconds.
  path: Assets/Scenes
  artifactKey: Guid(9b64f0a1a06d38445a238a28a75cdfe1) Importer(815301076,1909f56bfc062723c751e8b465ee728b)
Start importing Assets/Scenes using Guid(9b64f0a1a06d38445a238a28a75cdfe1) Importer(815301076,1909f56bfc062723c751e8b465ee728b)  -> (artifact id: '38ada83be81a07892c4278691b1bc180') in 0.324323 seconds 
  Import took 0.359303 seconds .

========================================================================
Received Import Request.
  Time since last request: 16.097273 seconds.
  path: Assets/animation
  artifactKey: Guid(6afbde36c9ba2e143a9863e28d1ed44a) Importer(815301076,1909f56bfc062723c751e8b465ee728b)
Start importing Assets/animation using Guid(6afbde36c9ba2e143a9863e28d1ed44a) Importer(815301076,1909f56bfc062723c751e8b465ee728b)  -> (artifact id: 'd1b7359bed02bebee641efd9d240d85b') in 0.006285 seconds 
  Import took 0.008865 seconds .

========================================================================
Received Import Request.
  Time since last request: 16.714565 seconds.
  path: Assets/animation/Right_Controller.anim
  artifactKey: Guid(750a02dffc7e72a4e95ca018b8a5cbd1) Importer(815301076,1909f56bfc062723c751e8b465ee728b)
Start importing Assets/animation/Right_Controller.anim using Guid(750a02dffc7e72a4e95ca018b8a5cbd1) Importer(815301076,1909f56bfc062723c751e8b465ee728b)  -> (artifact id: '2833421c1c81f8a88552b097ec3e2037') in 0.007373 seconds 
  Import took 0.009968 seconds .

========================================================================
Received Import Request.
  Time since last request: 55.775995 seconds.
  path: Assets/animation/controller_r.controller
  artifactKey: Guid(de8661134edae5845ba36793ec3c94db) Importer(815301076,1909f56bfc062723c751e8b465ee728b)
Start importing Assets/animation/controller_r.controller using Guid(de8661134edae5845ba36793ec3c94db) Importer(815301076,1909f56bfc062723c751e8b465ee728b)  -> (artifact id: '4fd19dfbd9a3dff9b11ec3ff4694f0c6') in 0.005789 seconds 
  Import took 0.008438 seconds .

========================================================================
Received Import Request.
  Time since last request: 394.383790 seconds.
  path: Assets/Models/ButtonPressed.anim
  artifactKey: Guid(b2fa6e048464e0a43b144a0ede1ed82f) Importer(815301076,1909f56bfc062723c751e8b465ee728b)
Start importing Assets/Models/ButtonPressed.anim using Guid(b2fa6e048464e0a43b144a0ede1ed82f) Importer(815301076,1909f56bfc062723c751e8b465ee728b)  -> (artifact id: '6c52d1c0d67974380128d5a4ff764f55') in 0.029211 seconds 
  Import took 0.032310 seconds .

========================================================================
Received Import Request.
  Time since last request: 267.786937 seconds.
  path: Assets/Models/RightController.anim
  artifactKey: Guid(c554886e87fc8564ba3b9c62230808d9) Importer(815301076,1909f56bfc062723c751e8b465ee728b)
Start importing Assets/Models/RightController.anim using Guid(c554886e87fc8564ba3b9c62230808d9) Importer(815301076,1909f56bfc062723c751e8b465ee728b)  -> (artifact id: '1ea5d169b47089923d49d6431c90df9e') in 0.026096 seconds 
  Import took 0.029177 seconds .

========================================================================
Received Import Request.
  Time since last request: 207.846216 seconds.
  path: Assets/Models/controller_r.controller
  artifactKey: Guid(9e96fa16c577648419eecaa8c02831ae) Importer(815301076,1909f56bfc062723c751e8b465ee728b)
Start importing Assets/Models/controller_r.controller using Guid(9e96fa16c577648419eecaa8c02831ae) Importer(815301076,1909f56bfc062723c751e8b465ee728b)  -> (artifact id: 'ecad389f91a9d09570a2f0674db20d3c') in 0.540740 seconds 
  Import took 0.543381 seconds .

========================================================================
Received Import Request.
  Time since last request: 455.060728 seconds.
  path: Assets/Models/A.mask
  artifactKey: Guid(aa2a0266e45d9684581ef8bc013a28a0) Importer(815301076,1909f56bfc062723c751e8b465ee728b)
Start importing Assets/Models/A.mask using Guid(aa2a0266e45d9684581ef8bc013a28a0) Importer(815301076,1909f56bfc062723c751e8b465ee728b)  -> (artifact id: '01d02c17415b594a2bdd45d5f64ef75a') in 0.006413 seconds 
  Import took 0.009836 seconds .

========================================================================
Received Import Request.
  Time since last request: 0.000324 seconds.
  path: Assets/Models/A.mask
  artifactKey: Guid(aa2a0266e45d9684581ef8bc013a28a0) Importer(815301076,1909f56bfc062723c751e8b465ee728b)
Start importing Assets/Models/A.mask using Guid(aa2a0266e45d9684581ef8bc013a28a0) Importer(815301076,1909f56bfc062723c751e8b465ee728b)  -> (artifact id: '01d02c17415b594a2bdd45d5f64ef75a') in 0.004070 seconds 
  Import took 0.006501 seconds .

========================================================================
Received Import Request.
  Time since last request: 11.507450 seconds.
  path: Assets/Models/B.mask
  artifactKey: Guid(cc4cd1fe3f64eeb4ea505a53db50ab8d) Importer(815301076,1909f56bfc062723c751e8b465ee728b)
Start importing Assets/Models/B.mask using Guid(cc4cd1fe3f64eeb4ea505a53db50ab8d) Importer(815301076,1909f56bfc062723c751e8b465ee728b)  -> (artifact id: 'c09210ceae77c0059fee3aee346803e1') in 0.006505 seconds 
  Import took 0.022300 seconds .

========================================================================
Received Prepare
Registering precompiled user dll's ...
Registered in 0.005103 seconds.
Begin MonoManager ReloadAssembly
Native extension for WindowsStandalone target not found
Refreshing native plugins compatible for Editor in 0.50 ms, found 7 plugins.
Preloading 0 native plugins for Editor in 0.00 ms.
Mono: successfully reloaded assembly
- Completed reload, in  0.968 seconds
Domain Reload Profiling:
	ReloadAssembly (968ms)
		BeginReloadAssembly (88ms)
			ExecutionOrderSort (0ms)
			DisableScriptedObjects (3ms)
			BackupInstance (0ms)
			ReleaseScriptingObjects (0ms)
			CreateAndSetChildDomain (28ms)
		EndReloadAssembly (827ms)
			LoadAssemblies (70ms)
			RebuildTransferFunctionScriptingTraits (0ms)
			SetupTypeCache (253ms)
			ReleaseScriptCaches (1ms)
			RebuildScriptCaches (31ms)
			SetupLoadedEditorAssemblies (341ms)
				LogAssemblyErrors (0ms)
				InitializePlatformSupportModulesInManaged (3ms)
				SetLoadedEditorAssemblies (0ms)
				RefreshPlugins (1ms)
				BeforeProcessingInitializeOnLoad (59ms)
				ProcessInitializeOnLoadAttributes (269ms)
				ProcessInitializeOnLoadMethodAttributes (4ms)
				AfterProcessingInitializeOnLoad (4ms)
				EditorAssembliesLoaded (0ms)
			ExecutionOrderSort2 (0ms)
			AwakeInstancesAfterBackupRestoration (7ms)
Platform modules already initialized, skipping
Switching build target platform(19) subTarget(0) extendedPlatform(0) -> platform(13) subTarget(537395206) extendedPlatform(0)
Refreshing native plugins compatible for Editor in 0.47 ms, found 7 plugins.
Preloading 0 native plugins for Editor in 0.00 ms.
Unloading 1861 Unused Serialized files (Serialized files now loaded: 0)
System memory in use before: 99.8 MB.
System memory in use after: 99.9 MB.

Unloading 31 unused Assets to reduce memory usage. Loaded Objects now: 2385.
Total: 2.964000 ms (FindLiveObjects: 0.168800 ms CreateObjectMapping: 0.057000 ms MarkObjects: 2.716700 ms  DeleteObjects: 0.020700 ms)

AssetImportParameters requested are different than current active one (requested -> active):
  custom:framework-win-MediaFoundation: 216162199b28c13a410421893ffa2e32 -> 
  custom:video-decoder-ogg-theora: a1e56fd34408186e4bbccfd4996cb3dc -> 
  custom:container-muxer-webm: aa71ff27fc2769a1b78a27578f13a17b -> 
  custom:container-demuxer-webm: 4f35f7cbe854078d1ac9338744f61a02 -> 
  custom:container-demuxer-ogg: 62fdf1f143b41e24485cea50d1cbac27 -> 
  custom:video-encoder-webm-vp8: eb34c28f22e8b96e1ab97ce403110664 -> 
  custom:video-decoder-webm-vp8: 9c59270c3fd7afecdb556c50c9e8de78 -> 
  custom:graphics/normal-map-encoding: 01000000000000000000000000000000 -> 02000000000000000000000000000000
  custom:audio-decoder-ogg-vorbis: bf7c407c2cedff20999df2af8eb42d56 -> 
  custom:audio-encoder-webm-vorbis: bf7c407c2cedff20999df2af8eb42d56 -> 
========================================================================
Received Prepare
Registering precompiled user dll's ...
Registered in 0.005207 seconds.
Begin MonoManager ReloadAssembly
Native extension for WindowsStandalone target not found
Refreshing native plugins compatible for Editor in 0.52 ms, found 7 plugins.
Preloading 0 native plugins for Editor in 0.00 ms.
Mono: successfully reloaded assembly
- Completed reload, in  0.952 seconds
Domain Reload Profiling:
	ReloadAssembly (952ms)
		BeginReloadAssembly (104ms)
			ExecutionOrderSort (0ms)
			DisableScriptedObjects (6ms)
			BackupInstance (0ms)
			ReleaseScriptingObjects (0ms)
			CreateAndSetChildDomain (27ms)
		EndReloadAssembly (799ms)
			LoadAssemblies (70ms)
			RebuildTransferFunctionScriptingTraits (0ms)
			SetupTypeCache (227ms)
			ReleaseScriptCaches (1ms)
			RebuildScriptCaches (31ms)
			SetupLoadedEditorAssemblies (334ms)
				LogAssemblyErrors (0ms)
				InitializePlatformSupportModulesInManaged (3ms)
				SetLoadedEditorAssemblies (0ms)
				RefreshPlugins (1ms)
				BeforeProcessingInitializeOnLoad (59ms)
				ProcessInitializeOnLoadAttributes (263ms)
				ProcessInitializeOnLoadMethodAttributes (4ms)
				AfterProcessingInitializeOnLoad (4ms)
				EditorAssembliesLoaded (0ms)
			ExecutionOrderSort2 (0ms)
			AwakeInstancesAfterBackupRestoration (8ms)
Platform modules already initialized, skipping
Switching build target platform(19) subTarget(0) extendedPlatform(0) -> platform(13) subTarget(537395206) extendedPlatform(0)
Refreshing native plugins compatible for Editor in 0.47 ms, found 7 plugins.
Preloading 0 native plugins for Editor in 0.00 ms.
Unloading 1861 Unused Serialized files (Serialized files now loaded: 0)
System memory in use before: 99.8 MB.
System memory in use after: 99.9 MB.

Unloading 31 unused Assets to reduce memory usage. Loaded Objects now: 2388.
Total: 2.982000 ms (FindLiveObjects: 0.178200 ms CreateObjectMapping: 0.053100 ms MarkObjects: 2.728200 ms  DeleteObjects: 0.021600 ms)

AssetImportParameters requested are different than current active one (requested -> active):
  custom:framework-win-MediaFoundation: 216162199b28c13a410421893ffa2e32 -> 
  custom:video-decoder-ogg-theora: a1e56fd34408186e4bbccfd4996cb3dc -> 
  custom:container-muxer-webm: aa71ff27fc2769a1b78a27578f13a17b -> 
  custom:container-demuxer-webm: 4f35f7cbe854078d1ac9338744f61a02 -> 
  custom:container-demuxer-ogg: 62fdf1f143b41e24485cea50d1cbac27 -> 
  custom:video-encoder-webm-vp8: eb34c28f22e8b96e1ab97ce403110664 -> 
  custom:video-decoder-webm-vp8: 9c59270c3fd7afecdb556c50c9e8de78 -> 
  custom:graphics/normal-map-encoding: 01000000000000000000000000000000 -> 02000000000000000000000000000000
  custom:audio-decoder-ogg-vorbis: bf7c407c2cedff20999df2af8eb42d56 -> 
  custom:audio-encoder-webm-vorbis: bf7c407c2cedff20999df2af8eb42d56 -> 
========================================================================
Received Prepare
Registering precompiled user dll's ...
Registered in 0.005601 seconds.
Begin MonoManager ReloadAssembly
Native extension for WindowsStandalone target not found
Refreshing native plugins compatible for Editor in 0.67 ms, found 7 plugins.
Preloading 0 native plugins for Editor in 0.00 ms.
Mono: successfully reloaded assembly
- Completed reload, in  1.033 seconds
Domain Reload Profiling:
	ReloadAssembly (1033ms)
		BeginReloadAssembly (102ms)
			ExecutionOrderSort (0ms)
			DisableScriptedObjects (4ms)
			BackupInstance (0ms)
			ReleaseScriptingObjects (0ms)
			CreateAndSetChildDomain (30ms)
		EndReloadAssembly (876ms)
			LoadAssemblies (73ms)
			RebuildTransferFunctionScriptingTraits (0ms)
			SetupTypeCache (251ms)
			ReleaseScriptCaches (1ms)
			RebuildScriptCaches (33ms)
			SetupLoadedEditorAssemblies (366ms)
				LogAssemblyErrors (0ms)
				InitializePlatformSupportModulesInManaged (4ms)
				SetLoadedEditorAssemblies (1ms)
				RefreshPlugins (1ms)
				BeforeProcessingInitializeOnLoad (66ms)
				ProcessInitializeOnLoadAttributes (286ms)
				ProcessInitializeOnLoadMethodAttributes (4ms)
				AfterProcessingInitializeOnLoad (4ms)
				EditorAssembliesLoaded (0ms)
			ExecutionOrderSort2 (0ms)
			AwakeInstancesAfterBackupRestoration (10ms)
Platform modules already initialized, skipping
Switching build target platform(19) subTarget(0) extendedPlatform(0) -> platform(13) subTarget(537395206) extendedPlatform(0)
Refreshing native plugins compatible for Editor in 0.51 ms, found 7 plugins.
Preloading 0 native plugins for Editor in 0.00 ms.
Unloading 1861 Unused Serialized files (Serialized files now loaded: 0)
System memory in use before: 99.8 MB.
System memory in use after: 99.9 MB.

Unloading 31 unused Assets to reduce memory usage. Loaded Objects now: 2391.
Total: 3.232800 ms (FindLiveObjects: 0.169400 ms CreateObjectMapping: 0.067500 ms MarkObjects: 2.969800 ms  DeleteObjects: 0.024500 ms)

AssetImportParameters requested are different than current active one (requested -> active):
  custom:framework-win-MediaFoundation: 216162199b28c13a410421893ffa2e32 -> 
  custom:video-decoder-ogg-theora: a1e56fd34408186e4bbccfd4996cb3dc -> 
  custom:container-muxer-webm: aa71ff27fc2769a1b78a27578f13a17b -> 
  custom:container-demuxer-webm: 4f35f7cbe854078d1ac9338744f61a02 -> 
  custom:container-demuxer-ogg: 62fdf1f143b41e24485cea50d1cbac27 -> 
  custom:video-encoder-webm-vp8: eb34c28f22e8b96e1ab97ce403110664 -> 
  custom:video-decoder-webm-vp8: 9c59270c3fd7afecdb556c50c9e8de78 -> 
  custom:graphics/normal-map-encoding: 01000000000000000000000000000000 -> 02000000000000000000000000000000
  custom:audio-decoder-ogg-vorbis: bf7c407c2cedff20999df2af8eb42d56 -> 
  custom:audio-encoder-webm-vorbis: bf7c407c2cedff20999df2af8eb42d56 -> 
========================================================================
Received Prepare
Registering precompiled user dll's ...
Registered in 0.005222 seconds.
Begin MonoManager ReloadAssembly
Native extension for WindowsStandalone target not found
Refreshing native plugins compatible for Editor in 0.47 ms, found 7 plugins.
Preloading 0 native plugins for Editor in 0.00 ms.
Mono: successfully reloaded assembly
- Completed reload, in  0.955 seconds
Domain Reload Profiling:
	ReloadAssembly (956ms)
		BeginReloadAssembly (98ms)
			ExecutionOrderSort (0ms)
			DisableScriptedObjects (4ms)
			BackupInstance (0ms)
			ReleaseScriptingObjects (0ms)
			CreateAndSetChildDomain (28ms)
		EndReloadAssembly (808ms)
			LoadAssemblies (70ms)
			RebuildTransferFunctionScriptingTraits (0ms)
			SetupTypeCache (226ms)
			ReleaseScriptCaches (1ms)
			RebuildScriptCaches (30ms)
			SetupLoadedEditorAssemblies (342ms)
				LogAssemblyErrors (0ms)
				InitializePlatformSupportModulesInManaged (3ms)
				SetLoadedEditorAssemblies (0ms)
				RefreshPlugins (1ms)
				BeforeProcessingInitializeOnLoad (60ms)
				ProcessInitializeOnLoadAttributes (270ms)
				ProcessInitializeOnLoadMethodAttributes (4ms)
				AfterProcessingInitializeOnLoad (4ms)
				EditorAssembliesLoaded (0ms)
			ExecutionOrderSort2 (0ms)
			AwakeInstancesAfterBackupRestoration (8ms)
Platform modules already initialized, skipping
Switching build target platform(19) subTarget(0) extendedPlatform(0) -> platform(13) subTarget(537395206) extendedPlatform(0)
Refreshing native plugins compatible for Editor in 0.47 ms, found 7 plugins.
Preloading 0 native plugins for Editor in 0.00 ms.
Unloading 1861 Unused Serialized files (Serialized files now loaded: 0)
System memory in use before: 99.8 MB.
System memory in use after: 99.9 MB.

Unloading 31 unused Assets to reduce memory usage. Loaded Objects now: 2394.
Total: 3.041800 ms (FindLiveObjects: 0.174900 ms CreateObjectMapping: 0.051300 ms MarkObjects: 2.795800 ms  DeleteObjects: 0.019100 ms)

AssetImportParameters requested are different than current active one (requested -> active):
  custom:framework-win-MediaFoundation: 216162199b28c13a410421893ffa2e32 -> 
  custom:video-decoder-ogg-theora: a1e56fd34408186e4bbccfd4996cb3dc -> 
  custom:container-muxer-webm: aa71ff27fc2769a1b78a27578f13a17b -> 
  custom:container-demuxer-webm: 4f35f7cbe854078d1ac9338744f61a02 -> 
  custom:container-demuxer-ogg: 62fdf1f143b41e24485cea50d1cbac27 -> 
  custom:video-encoder-webm-vp8: eb34c28f22e8b96e1ab97ce403110664 -> 
  custom:video-decoder-webm-vp8: 9c59270c3fd7afecdb556c50c9e8de78 -> 
  custom:graphics/normal-map-encoding: 01000000000000000000000000000000 -> 02000000000000000000000000000000
  custom:audio-decoder-ogg-vorbis: bf7c407c2cedff20999df2af8eb42d56 -> 
  custom:audio-encoder-webm-vorbis: bf7c407c2cedff20999df2af8eb42d56 -> 
========================================================================
Received Import Request.
  Time since last request: 1961.807411 seconds.
  path: Assets/Models/RightController.anim
  artifactKey: Guid(c554886e87fc8564ba3b9c62230808d9) Importer(815301076,1909f56bfc062723c751e8b465ee728b)
Start importing Assets/Models/RightController.anim using Guid(c554886e87fc8564ba3b9c62230808d9) Importer(815301076,1909f56bfc062723c751e8b465ee728b)  -> (artifact id: 'b8eb5b6f5ae1f8cdc8bf8a0f3c1e2e65') in 0.016255 seconds 
  Import took 0.019431 seconds .

========================================================================
Received Prepare
Registering precompiled user dll's ...
Registered in 0.005172 seconds.
Begin MonoManager ReloadAssembly
Native extension for WindowsStandalone target not found
Refreshing native plugins compatible for Editor in 0.49 ms, found 7 plugins.
Preloading 0 native plugins for Editor in 0.00 ms.
Mono: successfully reloaded assembly
- Completed reload, in  0.992 seconds
Domain Reload Profiling:
	ReloadAssembly (992ms)
		BeginReloadAssembly (97ms)
			ExecutionOrderSort (0ms)
			DisableScriptedObjects (4ms)
			BackupInstance (0ms)
			ReleaseScriptingObjects (0ms)
			CreateAndSetChildDomain (28ms)
		EndReloadAssembly (846ms)
			LoadAssemblies (70ms)
			RebuildTransferFunctionScriptingTraits (0ms)
			SetupTypeCache (241ms)
			ReleaseScriptCaches (1ms)
			RebuildScriptCaches (33ms)
			SetupLoadedEditorAssemblies (350ms)
				LogAssemblyErrors (0ms)
				InitializePlatformSupportModulesInManaged (3ms)
				SetLoadedEditorAssemblies (0ms)
				RefreshPlugins (1ms)
				BeforeProcessingInitializeOnLoad (60ms)
				ProcessInitializeOnLoadAttributes (276ms)
				ProcessInitializeOnLoadMethodAttributes (6ms)
				AfterProcessingInitializeOnLoad (4ms)
				EditorAssembliesLoaded (0ms)
			ExecutionOrderSort2 (0ms)
			AwakeInstancesAfterBackupRestoration (7ms)
Platform modules already initialized, skipping
Switching build target platform(19) subTarget(0) extendedPlatform(0) -> platform(13) subTarget(537395206) extendedPlatform(0)
Refreshing native plugins compatible for Editor in 0.49 ms, found 7 plugins.
Preloading 0 native plugins for Editor in 0.00 ms.
Unloading 1861 Unused Serialized files (Serialized files now loaded: 0)
System memory in use before: 99.8 MB.
System memory in use after: 99.9 MB.

Unloading 31 unused Assets to reduce memory usage. Loaded Objects now: 2397.
Total: 3.018500 ms (FindLiveObjects: 0.178700 ms CreateObjectMapping: 0.054100 ms MarkObjects: 2.760800 ms  DeleteObjects: 0.024000 ms)

AssetImportParameters requested are different than current active one (requested -> active):
  custom:framework-win-MediaFoundation: 216162199b28c13a410421893ffa2e32 -> 
  custom:video-decoder-ogg-theora: a1e56fd34408186e4bbccfd4996cb3dc -> 
  custom:container-muxer-webm: aa71ff27fc2769a1b78a27578f13a17b -> 
  custom:container-demuxer-webm: 4f35f7cbe854078d1ac9338744f61a02 -> 
  custom:container-demuxer-ogg: 62fdf1f143b41e24485cea50d1cbac27 -> 
  custom:video-encoder-webm-vp8: eb34c28f22e8b96e1ab97ce403110664 -> 
  custom:video-decoder-webm-vp8: 9c59270c3fd7afecdb556c50c9e8de78 -> 
  custom:graphics/normal-map-encoding: 01000000000000000000000000000000 -> 02000000000000000000000000000000
  custom:audio-decoder-ogg-vorbis: bf7c407c2cedff20999df2af8eb42d56 -> 
  custom:audio-encoder-webm-vorbis: bf7c407c2cedff20999df2af8eb42d56 -> 
========================================================================
Received Prepare
Registering precompiled user dll's ...
Registered in 0.005027 seconds.
Begin MonoManager ReloadAssembly
Native extension for WindowsStandalone target not found
Refreshing native plugins compatible for Editor in 0.48 ms, found 7 plugins.
Preloading 0 native plugins for Editor in 0.00 ms.
Mono: successfully reloaded assembly
- Completed reload, in  0.982 seconds
Domain Reload Profiling:
	ReloadAssembly (982ms)
		BeginReloadAssembly (101ms)
			ExecutionOrderSort (0ms)
			DisableScriptedObjects (4ms)
			BackupInstance (0ms)
			ReleaseScriptingObjects (0ms)
			CreateAndSetChildDomain (28ms)
		EndReloadAssembly (831ms)
			LoadAssemblies (71ms)
			RebuildTransferFunctionScriptingTraits (0ms)
			SetupTypeCache (234ms)
			ReleaseScriptCaches (1ms)
			RebuildScriptCaches (30ms)
			SetupLoadedEditorAssemblies (347ms)
				LogAssemblyErrors (0ms)
				InitializePlatformSupportModulesInManaged (3ms)
				SetLoadedEditorAssemblies (0ms)
				RefreshPlugins (1ms)
				BeforeProcessingInitializeOnLoad (59ms)
				ProcessInitializeOnLoadAttributes (276ms)
				ProcessInitializeOnLoadMethodAttributes (4ms)
				AfterProcessingInitializeOnLoad (4ms)
				EditorAssembliesLoaded (0ms)
			ExecutionOrderSort2 (0ms)
			AwakeInstancesAfterBackupRestoration (9ms)
Platform modules already initialized, skipping
Switching build target platform(19) subTarget(0) extendedPlatform(0) -> platform(13) subTarget(537395206) extendedPlatform(0)
Refreshing native plugins compatible for Editor in 0.48 ms, found 7 plugins.
Preloading 0 native plugins for Editor in 0.00 ms.
Unloading 1861 Unused Serialized files (Serialized files now loaded: 0)
System memory in use before: 99.8 MB.
System memory in use after: 100.0 MB.

Unloading 31 unused Assets to reduce memory usage. Loaded Objects now: 2400.
Total: 2.925100 ms (FindLiveObjects: 0.184900 ms CreateObjectMapping: 0.057800 ms MarkObjects: 2.661700 ms  DeleteObjects: 0.019800 ms)

AssetImportParameters requested are different than current active one (requested -> active):
  custom:framework-win-MediaFoundation: 216162199b28c13a410421893ffa2e32 -> 
  custom:video-decoder-ogg-theora: a1e56fd34408186e4bbccfd4996cb3dc -> 
  custom:container-muxer-webm: aa71ff27fc2769a1b78a27578f13a17b -> 
  custom:container-demuxer-webm: 4f35f7cbe854078d1ac9338744f61a02 -> 
  custom:container-demuxer-ogg: 62fdf1f143b41e24485cea50d1cbac27 -> 
  custom:video-encoder-webm-vp8: eb34c28f22e8b96e1ab97ce403110664 -> 
  custom:video-decoder-webm-vp8: 9c59270c3fd7afecdb556c50c9e8de78 -> 
  custom:graphics/normal-map-encoding: 01000000000000000000000000000000 -> 02000000000000000000000000000000
  custom:audio-decoder-ogg-vorbis: bf7c407c2cedff20999df2af8eb42d56 -> 
  custom:audio-encoder-webm-vorbis: bf7c407c2cedff20999df2af8eb42d56 -> 
========================================================================
Received Prepare
Registering precompiled user dll's ...
Registered in 0.005344 seconds.
Begin MonoManager ReloadAssembly
Native extension for WindowsStandalone target not found
Refreshing native plugins compatible for Editor in 0.47 ms, found 7 plugins.
Preloading 0 native plugins for Editor in 0.00 ms.
Mono: successfully reloaded assembly
- Completed reload, in  0.965 seconds
Domain Reload Profiling:
	ReloadAssembly (965ms)
		BeginReloadAssembly (95ms)
			ExecutionOrderSort (0ms)
			DisableScriptedObjects (4ms)
			BackupInstance (0ms)
			ReleaseScriptingObjects (0ms)
			CreateAndSetChildDomain (27ms)
		EndReloadAssembly (821ms)
			LoadAssemblies (70ms)
			RebuildTransferFunctionScriptingTraits (0ms)
			SetupTypeCache (229ms)
			ReleaseScriptCaches (1ms)
			RebuildScriptCaches (31ms)
			SetupLoadedEditorAssemblies (339ms)
				LogAssemblyErrors (0ms)
				InitializePlatformSupportModulesInManaged (3ms)
				SetLoadedEditorAssemblies (0ms)
				RefreshPlugins (1ms)
				BeforeProcessingInitializeOnLoad (59ms)
				ProcessInitializeOnLoadAttributes (268ms)
				ProcessInitializeOnLoadMethodAttributes (4ms)
				AfterProcessingInitializeOnLoad (4ms)
				EditorAssembliesLoaded (0ms)
			ExecutionOrderSort2 (0ms)
			AwakeInstancesAfterBackupRestoration (8ms)
Platform modules already initialized, skipping
Switching build target platform(19) subTarget(0) extendedPlatform(0) -> platform(13) subTarget(537395206) extendedPlatform(0)
Refreshing native plugins compatible for Editor in 0.48 ms, found 7 plugins.
Preloading 0 native plugins for Editor in 0.00 ms.
Unloading 1861 Unused Serialized files (Serialized files now loaded: 0)
System memory in use before: 99.8 MB.
System memory in use after: 100.0 MB.

Unloading 31 unused Assets to reduce memory usage. Loaded Objects now: 2403.
Total: 2.713400 ms (FindLiveObjects: 0.155500 ms CreateObjectMapping: 0.057200 ms MarkObjects: 2.479700 ms  DeleteObjects: 0.019900 ms)

AssetImportParameters requested are different than current active one (requested -> active):
  custom:framework-win-MediaFoundation: 216162199b28c13a410421893ffa2e32 -> 
  custom:video-decoder-ogg-theora: a1e56fd34408186e4bbccfd4996cb3dc -> 
  custom:container-muxer-webm: aa71ff27fc2769a1b78a27578f13a17b -> 
  custom:container-demuxer-webm: 4f35f7cbe854078d1ac9338744f61a02 -> 
  custom:container-demuxer-ogg: 62fdf1f143b41e24485cea50d1cbac27 -> 
  custom:video-encoder-webm-vp8: eb34c28f22e8b96e1ab97ce403110664 -> 
  custom:video-decoder-webm-vp8: 9c59270c3fd7afecdb556c50c9e8de78 -> 
  custom:graphics/normal-map-encoding: 01000000000000000000000000000000 -> 02000000000000000000000000000000
  custom:audio-decoder-ogg-vorbis: bf7c407c2cedff20999df2af8eb42d56 -> 
  custom:audio-encoder-webm-vorbis: bf7c407c2cedff20999df2af8eb42d56 -> 
========================================================================
Received Import Request.
  Time since last request: 546.490528 seconds.
  path: Assets/Models/Right_Trigger.mask
  artifactKey: Guid(90131bd1c4edb4643bd8d439dc1b564b) Importer(815301076,1909f56bfc062723c751e8b465ee728b)
Start importing Assets/Models/Right_Trigger.mask using Guid(90131bd1c4edb4643bd8d439dc1b564b) Importer(815301076,1909f56bfc062723c751e8b465ee728b)  -> (artifact id: '45e6ec6de5f9c3187d0249c45ec36528') in 0.018611 seconds 
  Import took 0.021819 seconds .

========================================================================
Received Import Request.
  Time since last request: 485.662195 seconds.
  path: Assets/Models/Oculus Touch.inputactions
  artifactKey: Guid(881d6c9381ceb724887fb93fdbf46bac) Importer(815301076,1909f56bfc062723c751e8b465ee728b)
Start importing Assets/Models/Oculus Touch.inputactions using Guid(881d6c9381ceb724887fb93fdbf46bac) Importer(815301076,1909f56bfc062723c751e8b465ee728b)  -> (artifact id: '49b20b520ee8ac8d540331d84bb0b710') in 0.011137 seconds 
  Import took 0.014287 seconds .

========================================================================
Received Import Request.
  Time since last request: 4.336711 seconds.
  path: Assets/Script/InputsBehavior.cs
  artifactKey: Guid(11e7d01ac6f41244ba60d3c6889bf112) Importer(815301076,1909f56bfc062723c751e8b465ee728b)
Start importing Assets/Script/InputsBehavior.cs using Guid(11e7d01ac6f41244ba60d3c6889bf112) Importer(815301076,1909f56bfc062723c751e8b465ee728b)  -> (artifact id: '45673fc74ea2146695d27f0fd612bf06') in 0.003285 seconds 
  Import took 0.005828 seconds .

========================================================================
Received Import Request.
  Time since last request: 0.021452 seconds.
  path: Assets/Script/InputsBehavior.cs
  artifactKey: Guid(11e7d01ac6f41244ba60d3c6889bf112) Importer(815301076,1909f56bfc062723c751e8b465ee728b)
Start importing Assets/Script/InputsBehavior.cs using Guid(11e7d01ac6f41244ba60d3c6889bf112) Importer(815301076,1909f56bfc062723c751e8b465ee728b)  -> (artifact id: '45673fc74ea2146695d27f0fd612bf06') in 0.003322 seconds 
  Import took 0.005888 seconds .

========================================================================
Received Import Request.
  Time since last request: 6.373221 seconds.
  path: Assets/Script/InputsBehavior.cs
  artifactKey: Guid(11e7d01ac6f41244ba60d3c6889bf112) Importer(815301076,1909f56bfc062723c751e8b465ee728b)
Start importing Assets/Script/InputsBehavior.cs using Guid(11e7d01ac6f41244ba60d3c6889bf112) Importer(815301076,1909f56bfc062723c751e8b465ee728b)  -> (artifact id: '3b0ae0d391b9b5d5b475bc37afaa5a93') in 0.003007 seconds 
  Import took 0.005761 seconds .

========================================================================
Received Import Request.
  Time since last request: 0.083729 seconds.
  path: Assets/Script/InputsBehavior.cs
  artifactKey: Guid(11e7d01ac6f41244ba60d3c6889bf112) Importer(815301076,1909f56bfc062723c751e8b465ee728b)
Start importing Assets/Script/InputsBehavior.cs using Guid(11e7d01ac6f41244ba60d3c6889bf112) Importer(815301076,1909f56bfc062723c751e8b465ee728b)  -> (artifact id: '3b0ae0d391b9b5d5b475bc37afaa5a93') in 0.003016 seconds 
  Import took 0.005678 seconds .

========================================================================
Received Prepare
Registering precompiled user dll's ...
Registered in 0.006929 seconds.
Begin MonoManager ReloadAssembly
Native extension for WindowsStandalone target not found
Refreshing native plugins compatible for Editor in 0.48 ms, found 7 plugins.
Preloading 0 native plugins for Editor in 0.00 ms.
Mono: successfully reloaded assembly
- Completed reload, in  0.998 seconds
Domain Reload Profiling:
	ReloadAssembly (999ms)
		BeginReloadAssembly (100ms)
			ExecutionOrderSort (0ms)
			DisableScriptedObjects (4ms)
			BackupInstance (0ms)
			ReleaseScriptingObjects (0ms)
			CreateAndSetChildDomain (30ms)
		EndReloadAssembly (843ms)
			LoadAssemblies (73ms)
			RebuildTransferFunctionScriptingTraits (0ms)
			SetupTypeCache (239ms)
			ReleaseScriptCaches (1ms)
			RebuildScriptCaches (31ms)
			SetupLoadedEditorAssemblies (344ms)
				LogAssemblyErrors (0ms)
				InitializePlatformSupportModulesInManaged (3ms)
				SetLoadedEditorAssemblies (0ms)
				RefreshPlugins (1ms)
				BeforeProcessingInitializeOnLoad (60ms)
				ProcessInitializeOnLoadAttributes (272ms)
				ProcessInitializeOnLoadMethodAttributes (4ms)
				AfterProcessingInitializeOnLoad (4ms)
				EditorAssembliesLoaded (0ms)
			ExecutionOrderSort2 (0ms)
			AwakeInstancesAfterBackupRestoration (7ms)
Platform modules already initialized, skipping
Switching build target platform(19) subTarget(0) extendedPlatform(0) -> platform(13) subTarget(537395206) extendedPlatform(0)
Refreshing native plugins compatible for Editor in 0.46 ms, found 7 plugins.
Preloading 0 native plugins for Editor in 0.00 ms.
Unloading 1861 Unused Serialized files (Serialized files now loaded: 0)
System memory in use before: 100.3 MB.
System memory in use after: 100.4 MB.

Unloading 31 unused Assets to reduce memory usage. Loaded Objects now: 2406.
Total: 2.761700 ms (FindLiveObjects: 0.149100 ms CreateObjectMapping: 0.051200 ms MarkObjects: 2.542300 ms  DeleteObjects: 0.018100 ms)

AssetImportParameters requested are different than current active one (requested -> active):
  custom:framework-win-MediaFoundation: 216162199b28c13a410421893ffa2e32 -> 
  custom:video-decoder-ogg-theora: a1e56fd34408186e4bbccfd4996cb3dc -> 
  custom:container-muxer-webm: aa71ff27fc2769a1b78a27578f13a17b -> 
  custom:container-demuxer-webm: 4f35f7cbe854078d1ac9338744f61a02 -> 
  custom:container-demuxer-ogg: 62fdf1f143b41e24485cea50d1cbac27 -> 
  custom:video-encoder-webm-vp8: eb34c28f22e8b96e1ab97ce403110664 -> 
  custom:video-decoder-webm-vp8: 9c59270c3fd7afecdb556c50c9e8de78 -> 
  custom:graphics/normal-map-encoding: 01000000000000000000000000000000 -> 02000000000000000000000000000000
  custom:audio-decoder-ogg-vorbis: bf7c407c2cedff20999df2af8eb42d56 -> 
  custom:audio-encoder-webm-vorbis: bf7c407c2cedff20999df2af8eb42d56 -> 
========================================================================
Received Prepare
Registering precompiled user dll's ...
Registered in 0.005243 seconds.
Begin MonoManager ReloadAssembly
Native extension for WindowsStandalone target not found
Refreshing native plugins compatible for Editor in 0.49 ms, found 7 plugins.
Preloading 0 native plugins for Editor in 0.00 ms.
Mono: successfully reloaded assembly
- Completed reload, in  0.969 seconds
Domain Reload Profiling:
	ReloadAssembly (969ms)
		BeginReloadAssembly (90ms)
			ExecutionOrderSort (0ms)
			DisableScriptedObjects (4ms)
			BackupInstance (0ms)
			ReleaseScriptingObjects (0ms)
			CreateAndSetChildDomain (28ms)
		EndReloadAssembly (830ms)
			LoadAssemblies (70ms)
			RebuildTransferFunctionScriptingTraits (0ms)
			SetupTypeCache (223ms)
			ReleaseScriptCaches (1ms)
			RebuildScriptCaches (31ms)
			SetupLoadedEditorAssemblies (343ms)
				LogAssemblyErrors (0ms)
				InitializePlatformSupportModulesInManaged (3ms)
				SetLoadedEditorAssemblies (0ms)
				RefreshPlugins (1ms)
				BeforeProcessingInitializeOnLoad (59ms)
				ProcessInitializeOnLoadAttributes (272ms)
				ProcessInitializeOnLoadMethodAttributes (4ms)
				AfterProcessingInitializeOnLoad (4ms)
				EditorAssembliesLoaded (0ms)
			ExecutionOrderSort2 (0ms)
			AwakeInstancesAfterBackupRestoration (8ms)
Platform modules already initialized, skipping
Switching build target platform(19) subTarget(0) extendedPlatform(0) -> platform(13) subTarget(537395206) extendedPlatform(0)
Refreshing native plugins compatible for Editor in 0.47 ms, found 7 plugins.
Preloading 0 native plugins for Editor in 0.00 ms.
Unloading 1861 Unused Serialized files (Serialized files now loaded: 0)
System memory in use before: 100.3 MB.
System memory in use after: 100.5 MB.

Unloading 31 unused Assets to reduce memory usage. Loaded Objects now: 2409.
Total: 2.686900 ms (FindLiveObjects: 0.158700 ms CreateObjectMapping: 0.059000 ms MarkObjects: 2.450600 ms  DeleteObjects: 0.017800 ms)

AssetImportParameters requested are different than current active one (requested -> active):
  custom:framework-win-MediaFoundation: 216162199b28c13a410421893ffa2e32 -> 
  custom:video-decoder-ogg-theora: a1e56fd34408186e4bbccfd4996cb3dc -> 
  custom:container-muxer-webm: aa71ff27fc2769a1b78a27578f13a17b -> 
  custom:container-demuxer-webm: 4f35f7cbe854078d1ac9338744f61a02 -> 
  custom:container-demuxer-ogg: 62fdf1f143b41e24485cea50d1cbac27 -> 
  custom:video-encoder-webm-vp8: eb34c28f22e8b96e1ab97ce403110664 -> 
  custom:video-decoder-webm-vp8: 9c59270c3fd7afecdb556c50c9e8de78 -> 
  custom:graphics/normal-map-encoding: 01000000000000000000000000000000 -> 02000000000000000000000000000000
  custom:audio-decoder-ogg-vorbis: bf7c407c2cedff20999df2af8eb42d56 -> 
  custom:audio-encoder-webm-vorbis: bf7c407c2cedff20999df2af8eb42d56 -> 
========================================================================
Received Import Request.
  Time since last request: 182.079549 seconds.
  path: Assets/Models/Oculus Touch.inputactions
  artifactKey: Guid(881d6c9381ceb724887fb93fdbf46bac) Importer(815301076,1909f56bfc062723c751e8b465ee728b)
Start importing Assets/Models/Oculus Touch.inputactions using Guid(881d6c9381ceb724887fb93fdbf46bac) Importer(815301076,1909f56bfc062723c751e8b465ee728b)  -> (artifact id: 'd81f7669ef6fee885980d36ecd03ee8e') in 0.017733 seconds 
  Import took 0.020354 seconds .

========================================================================
Received Import Request.
  Time since last request: 102.975875 seconds.
  path: Assets/Script/InputsBehavior.cs
  artifactKey: Guid(11e7d01ac6f41244ba60d3c6889bf112) Importer(815301076,1909f56bfc062723c751e8b465ee728b)
Start importing Assets/Script/InputsBehavior.cs using Guid(11e7d01ac6f41244ba60d3c6889bf112) Importer(815301076,1909f56bfc062723c751e8b465ee728b)  -> (artifact id: '98df086dd0dc01feb0b2464d98c2bf42') in 0.003857 seconds 
  Import took 0.006770 seconds .

========================================================================
Received Prepare
Registering precompiled user dll's ...
Registered in 0.005085 seconds.
Begin MonoManager ReloadAssembly
Native extension for WindowsStandalone target not found
Refreshing native plugins compatible for Editor in 0.48 ms, found 7 plugins.
Preloading 0 native plugins for Editor in 0.00 ms.
Mono: successfully reloaded assembly
- Completed reload, in  1.003 seconds
Domain Reload Profiling:
	ReloadAssembly (1004ms)
		BeginReloadAssembly (91ms)
			ExecutionOrderSort (0ms)
			DisableScriptedObjects (6ms)
			BackupInstance (0ms)
			ReleaseScriptingObjects (0ms)
			CreateAndSetChildDomain (29ms)
		EndReloadAssembly (864ms)
			LoadAssemblies (75ms)
			RebuildTransferFunctionScriptingTraits (0ms)
			SetupTypeCache (242ms)
			ReleaseScriptCaches (1ms)
			RebuildScriptCaches (31ms)
			SetupLoadedEditorAssemblies (350ms)
				LogAssemblyErrors (0ms)
				InitializePlatformSupportModulesInManaged (3ms)
				SetLoadedEditorAssemblies (0ms)
				RefreshPlugins (1ms)
				BeforeProcessingInitializeOnLoad (59ms)
				ProcessInitializeOnLoadAttributes (278ms)
				ProcessInitializeOnLoadMethodAttributes (4ms)
				AfterProcessingInitializeOnLoad (4ms)
				EditorAssembliesLoaded (0ms)
			ExecutionOrderSort2 (0ms)
			AwakeInstancesAfterBackupRestoration (7ms)
Platform modules already initialized, skipping
Switching build target platform(19) subTarget(0) extendedPlatform(0) -> platform(13) subTarget(537395206) extendedPlatform(0)
Refreshing native plugins compatible for Editor in 0.48 ms, found 7 plugins.
Preloading 0 native plugins for Editor in 0.00 ms.
Unloading 1861 Unused Serialized files (Serialized files now loaded: 0)
System memory in use before: 100.6 MB.
System memory in use after: 100.7 MB.

Unloading 31 unused Assets to reduce memory usage. Loaded Objects now: 2412.
Total: 2.732600 ms (FindLiveObjects: 0.161900 ms CreateObjectMapping: 0.062700 ms MarkObjects: 2.487800 ms  DeleteObjects: 0.019400 ms)

AssetImportParameters requested are different than current active one (requested -> active):
  custom:framework-win-MediaFoundation: 216162199b28c13a410421893ffa2e32 -> 
  custom:video-decoder-ogg-theora: a1e56fd34408186e4bbccfd4996cb3dc -> 
  custom:container-muxer-webm: aa71ff27fc2769a1b78a27578f13a17b -> 
  custom:container-demuxer-webm: 4f35f7cbe854078d1ac9338744f61a02 -> 
  custom:container-demuxer-ogg: 62fdf1f143b41e24485cea50d1cbac27 -> 
  custom:video-encoder-webm-vp8: eb34c28f22e8b96e1ab97ce403110664 -> 
  custom:video-decoder-webm-vp8: 9c59270c3fd7afecdb556c50c9e8de78 -> 
  custom:graphics/normal-map-encoding: 01000000000000000000000000000000 -> 02000000000000000000000000000000
  custom:audio-decoder-ogg-vorbis: bf7c407c2cedff20999df2af8eb42d56 -> 
  custom:audio-encoder-webm-vorbis: bf7c407c2cedff20999df2af8eb42d56 -> 
========================================================================
Received Prepare
Registering precompiled user dll's ...
Registered in 0.005282 seconds.
Begin MonoManager ReloadAssembly
Native extension for WindowsStandalone target not found
Refreshing native plugins compatible for Editor in 0.48 ms, found 7 plugins.
Preloading 0 native plugins for Editor in 0.00 ms.
Mono: successfully reloaded assembly
- Completed reload, in  0.989 seconds
Domain Reload Profiling:
	ReloadAssembly (989ms)
		BeginReloadAssembly (99ms)
			ExecutionOrderSort (0ms)
			DisableScriptedObjects (4ms)
			BackupInstance (0ms)
			ReleaseScriptingObjects (0ms)
			CreateAndSetChildDomain (28ms)
		EndReloadAssembly (841ms)
			LoadAssemblies (70ms)
			RebuildTransferFunctionScriptingTraits (0ms)
			SetupTypeCache (228ms)
			ReleaseScriptCaches (1ms)
			RebuildScriptCaches (31ms)
			SetupLoadedEditorAssemblies (346ms)
				LogAssemblyErrors (0ms)
				InitializePlatformSupportModulesInManaged (3ms)
				SetLoadedEditorAssemblies (0ms)
				RefreshPlugins (1ms)
				BeforeProcessingInitializeOnLoad (59ms)
				ProcessInitializeOnLoadAttributes (274ms)
				ProcessInitializeOnLoadMethodAttributes (4ms)
				AfterProcessingInitializeOnLoad (4ms)
				EditorAssembliesLoaded (0ms)
			ExecutionOrderSort2 (0ms)
			AwakeInstancesAfterBackupRestoration (8ms)
Platform modules already initialized, skipping
Switching build target platform(19) subTarget(0) extendedPlatform(0) -> platform(13) subTarget(537395206) extendedPlatform(0)
Refreshing native plugins compatible for Editor in 0.47 ms, found 7 plugins.
Preloading 0 native plugins for Editor in 0.00 ms.
Unloading 1861 Unused Serialized files (Serialized files now loaded: 0)
System memory in use before: 100.6 MB.
System memory in use after: 100.7 MB.

Unloading 31 unused Assets to reduce memory usage. Loaded Objects now: 2415.
Total: 3.205500 ms (FindLiveObjects: 0.173300 ms CreateObjectMapping: 0.054100 ms MarkObjects: 2.958700 ms  DeleteObjects: 0.018500 ms)

AssetImportParameters requested are different than current active one (requested -> active):
  custom:framework-win-MediaFoundation: 216162199b28c13a410421893ffa2e32 -> 
  custom:video-decoder-ogg-theora: a1e56fd34408186e4bbccfd4996cb3dc -> 
  custom:container-muxer-webm: aa71ff27fc2769a1b78a27578f13a17b -> 
  custom:container-demuxer-webm: 4f35f7cbe854078d1ac9338744f61a02 -> 
  custom:container-demuxer-ogg: 62fdf1f143b41e24485cea50d1cbac27 -> 
  custom:video-encoder-webm-vp8: eb34c28f22e8b96e1ab97ce403110664 -> 
  custom:video-decoder-webm-vp8: 9c59270c3fd7afecdb556c50c9e8de78 -> 
  custom:graphics/normal-map-encoding: 01000000000000000000000000000000 -> 02000000000000000000000000000000
  custom:audio-decoder-ogg-vorbis: bf7c407c2cedff20999df2af8eb42d56 -> 
  custom:audio-encoder-webm-vorbis: bf7c407c2cedff20999df2af8eb42d56 -> 
========================================================================
Received Prepare
Registering precompiled user dll's ...
Registered in 0.005652 seconds.
Begin MonoManager ReloadAssembly
Native extension for WindowsStandalone target not found
Refreshing native plugins compatible for Editor in 0.48 ms, found 7 plugins.
Preloading 0 native plugins for Editor in 0.00 ms.
Mono: successfully reloaded assembly
- Completed reload, in  1.006 seconds
Domain Reload Profiling:
	ReloadAssembly (1007ms)
		BeginReloadAssembly (98ms)
			ExecutionOrderSort (0ms)
			DisableScriptedObjects (4ms)
			BackupInstance (0ms)
			ReleaseScriptingObjects (0ms)
			CreateAndSetChildDomain (28ms)
		EndReloadAssembly (860ms)
			LoadAssemblies (70ms)
			RebuildTransferFunctionScriptingTraits (0ms)
			SetupTypeCache (236ms)
			ReleaseScriptCaches (1ms)
			RebuildScriptCaches (32ms)
			SetupLoadedEditorAssemblies (347ms)
				LogAssemblyErrors (0ms)
				InitializePlatformSupportModulesInManaged (3ms)
				SetLoadedEditorAssemblies (0ms)
				RefreshPlugins (1ms)
				BeforeProcessingInitializeOnLoad (60ms)
				ProcessInitializeOnLoadAttributes (275ms)
				ProcessInitializeOnLoadMethodAttributes (4ms)
				AfterProcessingInitializeOnLoad (4ms)
				EditorAssembliesLoaded (0ms)
			ExecutionOrderSort2 (0ms)
			AwakeInstancesAfterBackupRestoration (8ms)
Platform modules already initialized, skipping
Switching build target platform(19) subTarget(0) extendedPlatform(0) -> platform(13) subTarget(537395206) extendedPlatform(0)
Refreshing native plugins compatible for Editor in 0.47 ms, found 7 plugins.
Preloading 0 native plugins for Editor in 0.00 ms.
Unloading 1861 Unused Serialized files (Serialized files now loaded: 0)
System memory in use before: 100.6 MB.
System memory in use after: 100.7 MB.

Unloading 31 unused Assets to reduce memory usage. Loaded Objects now: 2418.
Total: 3.072300 ms (FindLiveObjects: 0.186800 ms CreateObjectMapping: 0.050800 ms MarkObjects: 2.815100 ms  DeleteObjects: 0.019000 ms)

AssetImportParameters requested are different than current active one (requested -> active):
  custom:framework-win-MediaFoundation: 216162199b28c13a410421893ffa2e32 -> 
  custom:video-decoder-ogg-theora: a1e56fd34408186e4bbccfd4996cb3dc -> 
  custom:container-muxer-webm: aa71ff27fc2769a1b78a27578f13a17b -> 
  custom:container-demuxer-webm: 4f35f7cbe854078d1ac9338744f61a02 -> 
  custom:container-demuxer-ogg: 62fdf1f143b41e24485cea50d1cbac27 -> 
  custom:video-encoder-webm-vp8: eb34c28f22e8b96e1ab97ce403110664 -> 
  custom:video-decoder-webm-vp8: 9c59270c3fd7afecdb556c50c9e8de78 -> 
  custom:graphics/normal-map-encoding: 01000000000000000000000000000000 -> 02000000000000000000000000000000
  custom:audio-decoder-ogg-vorbis: bf7c407c2cedff20999df2af8eb42d56 -> 
  custom:audio-encoder-webm-vorbis: bf7c407c2cedff20999df2af8eb42d56 -> 
========================================================================
Received Import Request.
  Time since last request: 420.460834 seconds.
  path: Assets/Models/A.mask
  artifactKey: Guid(aa2a0266e45d9684581ef8bc013a28a0) Importer(815301076,1909f56bfc062723c751e8b465ee728b)
Start importing Assets/Models/A.mask using Guid(aa2a0266e45d9684581ef8bc013a28a0) Importer(815301076,1909f56bfc062723c751e8b465ee728b)  -> (artifact id: '23d9618189d718db1f1af1d97a2cbf25') in 0.015361 seconds 
  Import took 0.025771 seconds .

========================================================================
Received Import Request.
  Time since last request: 0.000283 seconds.
  path: Assets/Models/B.mask
  artifactKey: Guid(cc4cd1fe3f64eeb4ea505a53db50ab8d) Importer(815301076,1909f56bfc062723c751e8b465ee728b)
Start importing Assets/Models/B.mask using Guid(cc4cd1fe3f64eeb4ea505a53db50ab8d) Importer(815301076,1909f56bfc062723c751e8b465ee728b)  -> (artifact id: 'a03acd64c96e24d4d5d2dbb768f212f3') in 0.003719 seconds 
  Import took 0.006151 seconds .

========================================================================
Received Import Request.
  Time since last request: 0.000280 seconds.
  path: Assets/Models/Right_Trigger.mask
  artifactKey: Guid(90131bd1c4edb4643bd8d439dc1b564b) Importer(815301076,1909f56bfc062723c751e8b465ee728b)
Start importing Assets/Models/Right_Trigger.mask using Guid(90131bd1c4edb4643bd8d439dc1b564b) Importer(815301076,1909f56bfc062723c751e8b465ee728b)  -> (artifact id: '613cece77195d808eb61b61c2132548b') in 0.005629 seconds 
  Import took 0.008353 seconds .

AssetImportWorkerClient::OnTransportError - code=2 error=End of file
